This is pdfTeX, Version 3.14159265-2.6-1.40.18 (TeX Live 2017) (preloaded format=pdflatex 2018.3.1)  10 MAY 2018 16:39
entering extended mode
 restricted \write18 enabled.
 file:line:error style messages enabled.
 %&-line parsing enabled.
**tesi.sty
(./tesi.sty
LaTeX2e <2017-04-15>
Babel <3.10> and hyphenation patterns for 84 language(s) loaded.
./tesi.sty:286: Undefined control sequence.
<argument> \undefinedpagestyle 
                               
l.286 \pagestyle{headings}
                          
? 
./tesi.sty:286: Emergency stop.
<argument> \undefinedpagestyle 
                               
l.286 \pagestyle{headings}
                          
End of file on the terminal!

 
Here is how much of TeX's memory you used:
 51 strings out of 492995
 569 string characters out of 6132705
 54074 words of memory out of 5000000
 3703 multiletter control sequences out of 15000+600000
 3640 words of font info for 14 fonts, out of 8000000 for 9000
 1141 hyphenation exceptions out of 8191
 7i,0n,5p,90b,8s stack positions out of 5000i,500n,10000p,200000b,80000s
./tesi.sty:286:  ==> Fatal error occurred, no output PDF file produced!
